<?xml version="1.0" encoding="UTF-8"?>
<testsuite xmlns:xsi="http://www.w3.org/2001/XMLSchema-instance" xsi:noNamespaceSchemaLocation="https://maven.apache.org/surefire/maven-surefire-plugin/xsd/surefire-test-report.xsd" name="es.uca.ParkingElSalvador.VehiculoTest" time="0.003" tests="9" errors="8" skipped="0" failures="0">
  <properties>
    <property name="java.specification.version" value="17"/>
    <property name="sun.cpu.isalist" value="amd64"/>
    <property name="sun.jnu.encoding" value="Cp1252"/>
    <property name="java.class.path" value="C:\Users\Alberto\Desktop\UNIVERSIDAD\3ºGII\2ºCuatri\DSS\Proyecto\Proyecto\dss2023-2024ParkingElSalvador\target\test-classes;C:\Users\Alberto\Desktop\UNIVERSIDAD\3ºGII\2ºCuatri\DSS\Proyecto\Proyecto\dss2023-2024ParkingElSalvador\target\classes;C:\Users\Alberto\.m2\repository\org\springframework\boot\spring-boot-starter-web\2.7.0\spring-boot-starter-web-2.7.0.jar;C:\Users\Alberto\.m2\repository\org\springframework\boot\spring-boot-starter\2.7.0\spring-boot-starter-2.7.0.jar;C:\Users\Alberto\.m2\repository\org\springframework\boot\spring-boot\2.7.0\spring-boot-2.7.0.jar;C:\Users\Alberto\.m2\repository\org\springframework\boot\spring-boot-autoconfigure\2.7.0\spring-boot-autoconfigure-2.7.0.jar;C:\Users\Alberto\.m2\repository\org\springframework\boot\spring-boot-starter-logging\2.7.0\spring-boot-starter-logging-2.7.0.jar;C:\Users\Alberto\.m2\repository\ch\qos\logback\logback-classic\1.2.11\logback-classic-1.2.11.jar;C:\Users\Alberto\.m2\repository\ch\qos\logback\logback-core\1.2.11\logback-core-1.2.11.jar;C:\Users\Alberto\.m2\repository\org\apache\logging\log4j\log4j-to-slf4j\2.17.2\log4j-to-slf4j-2.17.2.jar;C:\Users\Alberto\.m2\repository\org\apache\logging\log4j\log4j-api\2.17.2\log4j-api-2.17.2.jar;C:\Users\Alberto\.m2\repository\org\slf4j\jul-to-slf4j\1.7.36\jul-to-slf4j-1.7.36.jar;C:\Users\Alberto\.m2\repository\jakarta\annotation\jakarta.annotation-api\1.3.5\jakarta.annotation-api-1.3.5.jar;C:\Users\Alberto\.m2\repository\org\yaml\snakeyaml\1.30\snakeyaml-1.30.jar;C:\Users\Alberto\.m2\repository\org\springframework\boot\spring-boot-starter-json\2.7.0\spring-boot-starter-json-2.7.0.jar;C:\Users\Alberto\.m2\repository\com\fasterxml\jackson\core\jackson-databind\2.13.3\jackson-databind-2.13.3.jar;C:\Users\Alberto\.m2\repository\com\fasterxml\jackson\core\jackson-annotations\2.13.3\jackson-annotations-2.13.3.jar;C:\Users\Alberto\.m2\repository\com\fasterxml\jackson\core\jackson-core\2.13.3\jackson-core-2.13.3.jar;C:\Users\Alberto\.m2\repository\com\fasterxml\jackson\datatype\jackson-datatype-jdk8\2.13.3\jackson-datatype-jdk8-2.13.3.jar;C:\Users\Alberto\.m2\repository\com\fasterxml\jackson\datatype\jackson-datatype-jsr310\2.13.3\jackson-datatype-jsr310-2.13.3.jar;C:\Users\Alberto\.m2\repository\com\fasterxml\jackson\module\jackson-module-parameter-names\2.13.3\jackson-module-parameter-names-2.13.3.jar;C:\Users\Alberto\.m2\repository\org\springframework\boot\spring-boot-starter-tomcat\2.7.0\spring-boot-starter-tomcat-2.7.0.jar;C:\Users\Alberto\.m2\repository\org\apache\tomcat\embed\tomcat-embed-core\9.0.63\tomcat-embed-core-9.0.63.jar;C:\Users\Alberto\.m2\repository\org\apache\tomcat\embed\tomcat-embed-el\9.0.63\tomcat-embed-el-9.0.63.jar;C:\Users\Alberto\.m2\repository\org\apache\tomcat\embed\tomcat-embed-websocket\9.0.63\tomcat-embed-websocket-9.0.63.jar;C:\Users\Alberto\.m2\repository\org\springframework\spring-webmvc\5.3.20\spring-webmvc-5.3.20.jar;C:\Users\Alberto\.m2\repository\org\springframework\spring-aop\5.3.20\spring-aop-5.3.20.jar;C:\Users\Alberto\.m2\repository\org\springframework\spring-context\5.3.20\spring-context-5.3.20.jar;C:\Users\Alberto\.m2\repository\org\springframework\spring-expression\5.3.20\spring-expression-5.3.20.jar;C:\Users\Alberto\.m2\repository\net\glxn\qrgen\1.4\qrgen-1.4.jar;C:\Users\Alberto\.m2\repository\com\google\zxing\javase\3.0.0\javase-3.0.0.jar;C:\Users\Alberto\.m2\repository\com\google\zxing\core\3.4.1\core-3.4.1.jar;C:\Users\Alberto\.m2\repository\junit\junit\4.13.1\junit-4.13.1.jar;C:\Users\Alberto\.m2\repository\org\hamcrest\hamcrest-core\2.2\hamcrest-core-2.2.jar;C:\Users\Alberto\.m2\repository\org\hamcrest\hamcrest\2.2\hamcrest-2.2.jar;C:\Users\Alberto\.m2\repository\org\springframework\boot\spring-boot-starter-data-jpa\2.6.4\spring-boot-starter-data-jpa-2.6.4.jar;C:\Users\Alberto\.m2\repository\org\springframework\boot\spring-boot-starter-aop\2.7.0\spring-boot-starter-aop-2.7.0.jar;C:\Users\Alberto\.m2\repository\org\aspectj\aspectjweaver\1.9.7\aspectjweaver-1.9.7.jar;C:\Users\Alberto\.m2\repository\org\springframework\boot\spring-boot-starter-jdbc\2.7.0\spring-boot-starter-jdbc-2.7.0.jar;C:\Users\Alberto\.m2\repository\com\zaxxer\HikariCP\4.0.3\HikariCP-4.0.3.jar;C:\Users\Alberto\.m2\repository\org\springframework\spring-jdbc\5.3.20\spring-jdbc-5.3.20.jar;C:\Users\Alberto\.m2\repository\jakarta\transaction\jakarta.transaction-api\1.3.3\jakarta.transaction-api-1.3.3.jar;C:\Users\Alberto\.m2\repository\jakarta\persistence\jakarta.persistence-api\2.2.3\jakarta.persistence-api-2.2.3.jar;C:\Users\Alberto\.m2\repository\org\hibernate\hibernate-core\5.6.9.Final\hibernate-core-5.6.9.Final.jar;C:\Users\Alberto\.m2\repository\org\jboss\logging\jboss-logging\3.4.3.Final\jboss-logging-3.4.3.Final.jar;C:\Users\Alberto\.m2\repository\net\bytebuddy\byte-buddy\1.12.10\byte-buddy-1.12.10.jar;C:\Users\Alberto\.m2\repository\antlr\antlr\2.7.7\antlr-2.7.7.jar;C:\Users\Alberto\.m2\repository\org\jboss\jandex\2.4.2.Final\jandex-2.4.2.Final.jar;C:\Users\Alberto\.m2\repository\com\fasterxml\classmate\1.5.1\classmate-1.5.1.jar;C:\Users\Alberto\.m2\repository\org\hibernate\common\hibernate-commons-annotations\5.1.2.Final\hibernate-commons-annotations-5.1.2.Final.jar;C:\Users\Alberto\.m2\repository\org\glassfish\jaxb\jaxb-runtime\2.3.6\jaxb-runtime-2.3.6.jar;C:\Users\Alberto\.m2\repository\jakarta\xml\bind\jakarta.xml.bind-api\2.3.3\jakarta.xml.bind-api-2.3.3.jar;C:\Users\Alberto\.m2\repository\org\glassfish\jaxb\txw2\2.3.6\txw2-2.3.6.jar;C:\Users\Alberto\.m2\repository\com\sun\istack\istack-commons-runtime\3.0.12\istack-commons-runtime-3.0.12.jar;C:\Users\Alberto\.m2\repository\com\sun\activation\jakarta.activation\1.2.2\jakarta.activation-1.2.2.jar;C:\Users\Alberto\.m2\repository\org\springframework\data\spring-data-jpa\2.7.0\spring-data-jpa-2.7.0.jar;C:\Users\Alberto\.m2\repository\org\springframework\data\spring-data-commons\2.7.0\spring-data-commons-2.7.0.jar;C:\Users\Alberto\.m2\repository\org\springframework\spring-orm\5.3.20\spring-orm-5.3.20.jar;C:\Users\Alberto\.m2\repository\org\springframework\spring-tx\5.3.20\spring-tx-5.3.20.jar;C:\Users\Alberto\.m2\repository\org\slf4j\slf4j-api\1.7.36\slf4j-api-1.7.36.jar;C:\Users\Alberto\.m2\repository\org\springframework\spring-aspects\5.3.20\spring-aspects-5.3.20.jar;C:\Users\Alberto\.m2\repository\org\springframework\spring-web\5.3.15\spring-web-5.3.15.jar;C:\Users\Alberto\.m2\repository\org\springframework\spring-beans\5.3.20\spring-beans-5.3.20.jar;C:\Users\Alberto\.m2\repository\org\springframework\spring-core\5.3.20\spring-core-5.3.20.jar;C:\Users\Alberto\.m2\repository\org\springframework\spring-jcl\5.3.20\spring-jcl-5.3.20.jar;C:\Users\Alberto\.m2\repository\mysql\mysql-connector-java\8.0.28\mysql-connector-java-8.0.28.jar;C:\Users\Alberto\.m2\repository\javax\xml\bind\jaxb-api\2.3.1\jaxb-api-2.3.1.jar;C:\Users\Alberto\.m2\repository\javax\activation\javax.activation-api\1.2.0\javax.activation-api-1.2.0.jar;"/>
    <property name="java.vm.vendor" value="Oracle Corporation"/>
    <property name="sun.arch.data.model" value="64"/>
    <property name="user.variant" value=""/>
    <property name="java.vendor.url" value="https://java.oracle.com/"/>
    <property name="user.timezone" value="Europe/Madrid"/>
    <property name="os.name" value="Windows 11"/>
    <property name="java.vm.specification.version" value="17"/>
    <property name="sun.java.launcher" value="SUN_STANDARD"/>
    <property name="user.country" value="ES"/>
    <property name="sun.boot.library.path" value="C:\Program Files\Java\jdk-17\bin"/>
    <property name="sun.java.command" value="C:\Users\Alberto\AppData\Local\Temp\surefire17823429271541238110\surefirebooter11452533252817365971.jar C:\Users\Alberto\AppData\Local\Temp\surefire17823429271541238110 2024-05-09T23-54-18_107-jvmRun1 surefire932646180257679659tmp surefire_016061936769068040482tmp"/>
    <property name="jdk.debug" value="release"/>
    <property name="surefire.test.class.path" value="C:\Users\Alberto\Desktop\UNIVERSIDAD\3ºGII\2ºCuatri\DSS\Proyecto\Proyecto\dss2023-2024ParkingElSalvador\target\test-classes;C:\Users\Alberto\Desktop\UNIVERSIDAD\3ºGII\2ºCuatri\DSS\Proyecto\Proyecto\dss2023-2024ParkingElSalvador\target\classes;C:\Users\Alberto\.m2\repository\org\springframework\boot\spring-boot-starter-web\2.7.0\spring-boot-starter-web-2.7.0.jar;C:\Users\Alberto\.m2\repository\org\springframework\boot\spring-boot-starter\2.7.0\spring-boot-starter-2.7.0.jar;C:\Users\Alberto\.m2\repository\org\springframework\boot\spring-boot\2.7.0\spring-boot-2.7.0.jar;C:\Users\Alberto\.m2\repository\org\springframework\boot\spring-boot-autoconfigure\2.7.0\spring-boot-autoconfigure-2.7.0.jar;C:\Users\Alberto\.m2\repository\org\springframework\boot\spring-boot-starter-logging\2.7.0\spring-boot-starter-logging-2.7.0.jar;C:\Users\Alberto\.m2\repository\ch\qos\logback\logback-classic\1.2.11\logback-classic-1.2.11.jar;C:\Users\Alberto\.m2\repository\ch\qos\logback\logback-core\1.2.11\logback-core-1.2.11.jar;C:\Users\Alberto\.m2\repository\org\apache\logging\log4j\log4j-to-slf4j\2.17.2\log4j-to-slf4j-2.17.2.jar;C:\Users\Alberto\.m2\repository\org\apache\logging\log4j\log4j-api\2.17.2\log4j-api-2.17.2.jar;C:\Users\Alberto\.m2\repository\org\slf4j\jul-to-slf4j\1.7.36\jul-to-slf4j-1.7.36.jar;C:\Users\Alberto\.m2\repository\jakarta\annotation\jakarta.annotation-api\1.3.5\jakarta.annotation-api-1.3.5.jar;C:\Users\Alberto\.m2\repository\org\yaml\snakeyaml\1.30\snakeyaml-1.30.jar;C:\Users\Alberto\.m2\repository\org\springframework\boot\spring-boot-starter-json\2.7.0\spring-boot-starter-json-2.7.0.jar;C:\Users\Alberto\.m2\repository\com\fasterxml\jackson\core\jackson-databind\2.13.3\jackson-databind-2.13.3.jar;C:\Users\Alberto\.m2\repository\com\fasterxml\jackson\core\jackson-annotations\2.13.3\jackson-annotations-2.13.3.jar;C:\Users\Alberto\.m2\repository\com\fasterxml\jackson\core\jackson-core\2.13.3\jackson-core-2.13.3.jar;C:\Users\Alberto\.m2\repository\com\fasterxml\jackson\datatype\jackson-datatype-jdk8\2.13.3\jackson-datatype-jdk8-2.13.3.jar;C:\Users\Alberto\.m2\repository\com\fasterxml\jackson\datatype\jackson-datatype-jsr310\2.13.3\jackson-datatype-jsr310-2.13.3.jar;C:\Users\Alberto\.m2\repository\com\fasterxml\jackson\module\jackson-module-parameter-names\2.13.3\jackson-module-parameter-names-2.13.3.jar;C:\Users\Alberto\.m2\repository\org\springframework\boot\spring-boot-starter-tomcat\2.7.0\spring-boot-starter-tomcat-2.7.0.jar;C:\Users\Alberto\.m2\repository\org\apache\tomcat\embed\tomcat-embed-core\9.0.63\tomcat-embed-core-9.0.63.jar;C:\Users\Alberto\.m2\repository\org\apache\tomcat\embed\tomcat-embed-el\9.0.63\tomcat-embed-el-9.0.63.jar;C:\Users\Alberto\.m2\repository\org\apache\tomcat\embed\tomcat-embed-websocket\9.0.63\tomcat-embed-websocket-9.0.63.jar;C:\Users\Alberto\.m2\repository\org\springframework\spring-webmvc\5.3.20\spring-webmvc-5.3.20.jar;C:\Users\Alberto\.m2\repository\org\springframework\spring-aop\5.3.20\spring-aop-5.3.20.jar;C:\Users\Alberto\.m2\repository\org\springframework\spring-context\5.3.20\spring-context-5.3.20.jar;C:\Users\Alberto\.m2\repository\org\springframework\spring-expression\5.3.20\spring-expression-5.3.20.jar;C:\Users\Alberto\.m2\repository\net\glxn\qrgen\1.4\qrgen-1.4.jar;C:\Users\Alberto\.m2\repository\com\google\zxing\javase\3.0.0\javase-3.0.0.jar;C:\Users\Alberto\.m2\repository\com\google\zxing\core\3.4.1\core-3.4.1.jar;C:\Users\Alberto\.m2\repository\junit\junit\4.13.1\junit-4.13.1.jar;C:\Users\Alberto\.m2\repository\org\hamcrest\hamcrest-core\2.2\hamcrest-core-2.2.jar;C:\Users\Alberto\.m2\repository\org\hamcrest\hamcrest\2.2\hamcrest-2.2.jar;C:\Users\Alberto\.m2\repository\org\springframework\boot\spring-boot-starter-data-jpa\2.6.4\spring-boot-starter-data-jpa-2.6.4.jar;C:\Users\Alberto\.m2\repository\org\springframework\boot\spring-boot-starter-aop\2.7.0\spring-boot-starter-aop-2.7.0.jar;C:\Users\Alberto\.m2\repository\org\aspectj\aspectjweaver\1.9.7\aspectjweaver-1.9.7.jar;C:\Users\Alberto\.m2\repository\org\springframework\boot\spring-boot-starter-jdbc\2.7.0\spring-boot-starter-jdbc-2.7.0.jar;C:\Users\Alberto\.m2\repository\com\zaxxer\HikariCP\4.0.3\HikariCP-4.0.3.jar;C:\Users\Alberto\.m2\repository\org\springframework\spring-jdbc\5.3.20\spring-jdbc-5.3.20.jar;C:\Users\Alberto\.m2\repository\jakarta\transaction\jakarta.transaction-api\1.3.3\jakarta.transaction-api-1.3.3.jar;C:\Users\Alberto\.m2\repository\jakarta\persistence\jakarta.persistence-api\2.2.3\jakarta.persistence-api-2.2.3.jar;C:\Users\Alberto\.m2\repository\org\hibernate\hibernate-core\5.6.9.Final\hibernate-core-5.6.9.Final.jar;C:\Users\Alberto\.m2\repository\org\jboss\logging\jboss-logging\3.4.3.Final\jboss-logging-3.4.3.Final.jar;C:\Users\Alberto\.m2\repository\net\bytebuddy\byte-buddy\1.12.10\byte-buddy-1.12.10.jar;C:\Users\Alberto\.m2\repository\antlr\antlr\2.7.7\antlr-2.7.7.jar;C:\Users\Alberto\.m2\repository\org\jboss\jandex\2.4.2.Final\jandex-2.4.2.Final.jar;C:\Users\Alberto\.m2\repository\com\fasterxml\classmate\1.5.1\classmate-1.5.1.jar;C:\Users\Alberto\.m2\repository\org\hibernate\common\hibernate-commons-annotations\5.1.2.Final\hibernate-commons-annotations-5.1.2.Final.jar;C:\Users\Alberto\.m2\repository\org\glassfish\jaxb\jaxb-runtime\2.3.6\jaxb-runtime-2.3.6.jar;C:\Users\Alberto\.m2\repository\jakarta\xml\bind\jakarta.xml.bind-api\2.3.3\jakarta.xml.bind-api-2.3.3.jar;C:\Users\Alberto\.m2\repository\org\glassfish\jaxb\txw2\2.3.6\txw2-2.3.6.jar;C:\Users\Alberto\.m2\repository\com\sun\istack\istack-commons-runtime\3.0.12\istack-commons-runtime-3.0.12.jar;C:\Users\Alberto\.m2\repository\com\sun\activation\jakarta.activation\1.2.2\jakarta.activation-1.2.2.jar;C:\Users\Alberto\.m2\repository\org\springframework\data\spring-data-jpa\2.7.0\spring-data-jpa-2.7.0.jar;C:\Users\Alberto\.m2\repository\org\springframework\data\spring-data-commons\2.7.0\spring-data-commons-2.7.0.jar;C:\Users\Alberto\.m2\repository\org\springframework\spring-orm\5.3.20\spring-orm-5.3.20.jar;C:\Users\Alberto\.m2\repository\org\springframework\spring-tx\5.3.20\spring-tx-5.3.20.jar;C:\Users\Alberto\.m2\repository\org\slf4j\slf4j-api\1.7.36\slf4j-api-1.7.36.jar;C:\Users\Alberto\.m2\repository\org\springframework\spring-aspects\5.3.20\spring-aspects-5.3.20.jar;C:\Users\Alberto\.m2\repository\org\springframework\spring-web\5.3.15\spring-web-5.3.15.jar;C:\Users\Alberto\.m2\repository\org\springframework\spring-beans\5.3.20\spring-beans-5.3.20.jar;C:\Users\Alberto\.m2\repository\org\springframework\spring-core\5.3.20\spring-core-5.3.20.jar;C:\Users\Alberto\.m2\repository\org\springframework\spring-jcl\5.3.20\spring-jcl-5.3.20.jar;C:\Users\Alberto\.m2\repository\mysql\mysql-connector-java\8.0.28\mysql-connector-java-8.0.28.jar;C:\Users\Alberto\.m2\repository\javax\xml\bind\jaxb-api\2.3.1\jaxb-api-2.3.1.jar;C:\Users\Alberto\.m2\repository\javax\activation\javax.activation-api\1.2.0\javax.activation-api-1.2.0.jar;"/>
    <property name="sun.cpu.endian" value="little"/>
    <property name="user.home" value="C:\Users\Alberto"/>
    <property name="user.language" value="es"/>
    <property name="java.specification.vendor" value="Oracle Corporation"/>
    <property name="java.version.date" value="2023-07-18"/>
    <property name="java.home" value="C:\Program Files\Java\jdk-17"/>
    <property name="file.separator" value="\"/>
    <property name="basedir" value="C:\Users\Alberto\Desktop\UNIVERSIDAD\3ºGII\2ºCuatri\DSS\Proyecto\Proyecto\dss2023-2024ParkingElSalvador"/>
    <property name="java.vm.compressedOopsMode" value="32-bit"/>
    <property name="line.separator" value="&#10;"/>
    <property name="java.vm.specification.vendor" value="Oracle Corporation"/>
    <property name="java.specification.name" value="Java Platform API Specification"/>
    <property name="surefire.real.class.path" value="C:\Users\Alberto\AppData\Local\Temp\surefire17823429271541238110\surefirebooter11452533252817365971.jar"/>
    <property name="user.script" value=""/>
    <property name="sun.management.compiler" value="HotSpot 64-Bit Tiered Compilers"/>
    <property name="java.runtime.version" value="17.0.8+9-LTS-211"/>
    <property name="user.name" value="Alberto"/>
    <property name="path.separator" value=";"/>
    <property name="os.version" value="10.0"/>
    <property name="java.runtime.name" value="Java(TM) SE Runtime Environment"/>
    <property name="file.encoding" value="Cp1252"/>
    <property name="java.vm.name" value="Java HotSpot(TM) 64-Bit Server VM"/>
    <property name="localRepository" value="C:\Users\Alberto\.m2\repository"/>
    <property name="java.vendor.url.bug" value="https://bugreport.java.com/bugreport/"/>
    <property name="java.io.tmpdir" value="C:\Users\Alberto\AppData\Local\Temp\"/>
    <property name="java.version" value="17.0.8"/>
    <property name="user.dir" value="C:\Users\Alberto\Desktop\UNIVERSIDAD\3ºGII\2ºCuatri\DSS\Proyecto\Proyecto\dss2023-2024ParkingElSalvador"/>
    <property name="os.arch" value="amd64"/>
    <property name="java.vm.specification.name" value="Java Virtual Machine Specification"/>
    <property name="sun.os.patch.level" value=""/>
    <property name="native.encoding" value="Cp1252"/>
    <property name="java.library.path" value="C:\Program Files\Java\jdk-17\bin;C:\WINDOWS\Sun\Java\bin;C:\WINDOWS\system32;C:\WINDOWS;C:\Program Files\Common Files\Oracle\Java\javapath;C:\Program Files\Python310\Scripts\;C:\Program Files\Python310\;C:\WINDOWS\system32;C:\WINDOWS;C:\WINDOWS\System32\Wbem;C:\WINDOWS\System32\WindowsPowerShell\v1.0\;C:\WINDOWS\System32\OpenSSH\;C:\Users\Alberto\Desktop\AutoFirma\AutoFirma;C:\Program Files\PuTTY\;C:\Program Files\dotnet\;C:\Program Files\nodejs\;C:\Program Files (x86)\Windows Kits\10\Windows Performance Toolkit\;C:\MinGW\bin;C:\Program Files\MySQL\MySQL Server 8.0\bin;C:\Program Files\Git\cmd;C:\Program Files\Docker\Docker\resources\bin;C:\Users\Alberto\Desktop\UNIVERSIDAD\3ºGII\2ºCuatri\DSS\Proyecto\apache-maven-3.9.6\bin;C:\Users\Alberto\Desktop\Scala\scala3-3.4.1\bin;C:\Users\Alberto\Desktop\Scala\sbt\bin;C:\Program Files\MySQL\MySQL Shell 8.0\bin\;C:\Users\Alberto\miniconda3;C:\Users\Alberto\miniconda3\Library\mingw-w64\bin;C:\Users\Alberto\miniconda3\Library\usr\bin;C:\Users\Alberto\miniconda3\Library\bin;C:\Users\Alberto\miniconda3\Scripts;C:\Users\Alberto\AppData\Local\Microsoft\WindowsApps;C:\Users\Alberto\AppData\Local\Programs\MiKTeX\miktex\bin\x64\;C:\Users\Alberto\Desktop\Python\Microsoft VS Code\bin;C:\Users\Alberto\AppData\Local\atom\bin;C:\Users\Alberto\AppData\Roaming\npm;C:\Program Files\Java\jdk-17\bin;C:\Program Files\Java\jdk-17;C:\mpj\bin;C:\Users\Alberto\AppData\Local\GitHubDesktop\bin;;."/>
    <property name="java.vm.info" value="mixed mode, sharing"/>
    <property name="java.vendor" value="Oracle Corporation"/>
    <property name="java.vm.version" value="17.0.8+9-LTS-211"/>
    <property name="sun.io.unicode.encoding" value="UnicodeLittle"/>
    <property name="java.class.version" value="61.0"/>
  </properties>
  <testcase name="testDineroPagado" classname="es.uca.ParkingElSalvador.VehiculoTest" time="0">
    <error message="Cannot invoke &quot;es.uca.ParkingElSalvador.Estancia.dineroPagado()&quot; because the return value of &quot;es.uca.ParkingElSalvador.Vehiculo.estancia()&quot; is null" type="java.lang.NullPointerException">java.lang.NullPointerException: Cannot invoke "es.uca.ParkingElSalvador.Estancia.dineroPagado()" because the return value of "es.uca.ParkingElSalvador.Vehiculo.estancia()" is null
	at es.uca.ParkingElSalvador.VehiculoTest.testDineroPagado(VehiculoTest.java:37)
</error>
  </testcase>
  <testcase name="testBonoValidoSinBono" classname="es.uca.ParkingElSalvador.VehiculoTest" time="0">
    <error message="Cannot invoke &quot;es.uca.ParkingElSalvador.Estancia.bonoValido()&quot; because the return value of &quot;es.uca.ParkingElSalvador.Vehiculo.estancia()&quot; is null" type="java.lang.NullPointerException">java.lang.NullPointerException: Cannot invoke "es.uca.ParkingElSalvador.Estancia.bonoValido()" because the return value of "es.uca.ParkingElSalvador.Vehiculo.estancia()" is null
	at es.uca.ParkingElSalvador.VehiculoTest.testBonoValidoSinBono(VehiculoTest.java:44)
</error>
  </testcase>
  <testcase name="testHaPagadoDespuesDePagar" classname="es.uca.ParkingElSalvador.VehiculoTest" time="0">
    <error message="Cannot invoke &quot;es.uca.ParkingElSalvador.Estancia.pagarEstandar()&quot; because the return value of &quot;es.uca.ParkingElSalvador.Vehiculo.estancia()&quot; is null" type="java.lang.NullPointerException">java.lang.NullPointerException: Cannot invoke "es.uca.ParkingElSalvador.Estancia.pagarEstandar()" because the return value of "es.uca.ParkingElSalvador.Vehiculo.estancia()" is null
	at es.uca.ParkingElSalvador.VehiculoTest.testHaPagadoDespuesDePagar(VehiculoTest.java:68)
</error>
  </testcase>
  <testcase name="testCompraBono" classname="es.uca.ParkingElSalvador.VehiculoTest" time="0">
    <error message="Cannot invoke &quot;es.uca.ParkingElSalvador.Estancia.poseeBono()&quot; because the return value of &quot;es.uca.ParkingElSalvador.Vehiculo.estancia()&quot; is null" type="java.lang.NullPointerException">java.lang.NullPointerException: Cannot invoke "es.uca.ParkingElSalvador.Estancia.poseeBono()" because the return value of "es.uca.ParkingElSalvador.Vehiculo.estancia()" is null
	at es.uca.ParkingElSalvador.VehiculoTest.testCompraBono(VehiculoTest.java:18)
</error>
  </testcase>
  <testcase name="testHaPagadoSinPagar" classname="es.uca.ParkingElSalvador.VehiculoTest" time="0">
    <error message="Cannot invoke &quot;es.uca.ParkingElSalvador.Estancia.haPagado()&quot; because the return value of &quot;es.uca.ParkingElSalvador.Vehiculo.estancia()&quot; is null" type="java.lang.NullPointerException">java.lang.NullPointerException: Cannot invoke "es.uca.ParkingElSalvador.Estancia.haPagado()" because the return value of "es.uca.ParkingElSalvador.Vehiculo.estancia()" is null
	at es.uca.ParkingElSalvador.VehiculoTest.testHaPagadoSinPagar(VehiculoTest.java:63)
</error>
  </testcase>
  <testcase name="testBonoValidoConBonoVencido" classname="es.uca.ParkingElSalvador.VehiculoTest" time="0">
    <error message="Cannot invoke &quot;es.uca.ParkingElSalvador.Estancia.compraBono()&quot; because the return value of &quot;es.uca.ParkingElSalvador.Vehiculo.estancia()&quot; is null" type="java.lang.NullPointerException">java.lang.NullPointerException: Cannot invoke "es.uca.ParkingElSalvador.Estancia.compraBono()" because the return value of "es.uca.ParkingElSalvador.Vehiculo.estancia()" is null
	at es.uca.ParkingElSalvador.VehiculoTest.testBonoValidoConBonoVencido(VehiculoTest.java:49)
</error>
  </testcase>
  <testcase name="testBonoValidoConBonoVigente" classname="es.uca.ParkingElSalvador.VehiculoTest" time="0">
    <error message="Cannot invoke &quot;es.uca.ParkingElSalvador.Estancia.compraBono()&quot; because the return value of &quot;es.uca.ParkingElSalvador.Vehiculo.estancia()&quot; is null" type="java.lang.NullPointerException">java.lang.NullPointerException: Cannot invoke "es.uca.ParkingElSalvador.Estancia.compraBono()" because the return value of "es.uca.ParkingElSalvador.Vehiculo.estancia()" is null
	at es.uca.ParkingElSalvador.VehiculoTest.testBonoValidoConBonoVigente(VehiculoTest.java:56)
</error>
  </testcase>
  <testcase name="testSetFinBono" classname="es.uca.ParkingElSalvador.VehiculoTest" time="0">
    <error message="Cannot invoke &quot;es.uca.ParkingElSalvador.Estancia.setFinBono(java.time.LocalDateTime)&quot; because the return value of &quot;es.uca.ParkingElSalvador.Vehiculo.estancia()&quot; is null" type="java.lang.NullPointerException">java.lang.NullPointerException: Cannot invoke "es.uca.ParkingElSalvador.Estancia.setFinBono(java.time.LocalDateTime)" because the return value of "es.uca.ParkingElSalvador.Vehiculo.estancia()" is null
	at es.uca.ParkingElSalvador.VehiculoTest.testSetFinBono(VehiculoTest.java:26)
</error>
  </testcase>
  <testcase name="testMatricula" classname="es.uca.ParkingElSalvador.VehiculoTest" time="0"/>
</testsuite>